[    0.000000] Initializing cgroup subsys cpuset
[    0.000000] Initializing cgroup subsys cpu
[    0.000000] Initializing cgroup subsys cpuacct
[    0.000000] Linux version 4.4.0-210-generic (buildd@lgw01-amd64-009) (gcc version 5.4.0 20160609 (Ubuntu 5.4.0-6ubuntu1~16.04.12) ) #242-Ubuntu SMP Fri Apr 16 09:57:56 UTC 2021 (Ubuntu 4.4.0-210.242-generic 4.4.262)
[    0.000000] Command line: BOOT_IMAGE=/boot/vmlinuz-4.4.0-210-generic root=LABEL=cloudimg-rootfs ro console=tty1 console=ttyS0
[    0.000000] KERNEL supported cpus:
[    0.000000]   Intel GenuineIntel
[    0.000000]   AMD AuthenticAMD
[    0.000000]   Centaur CentaurHauls
[    0.000000] x86/fpu: xstate_offset[2]:  576, xstate_sizes[2]:  256
[    0.000000] x86/fpu: Supporting XSAVE feature 0x01: 'x87 floating point registers'
[    0.000000] x86/fpu: Supporting XSAVE feature 0x02: 'SSE registers'
[    0.000000] x86/fpu: Supporting XSAVE feature 0x04: 'AVX registers'
[    0.000000] x86/fpu: Enabled xstate features 0x7, context size is 832 bytes, using 'standard' format.
[    0.000000] e820: BIOS-provided physical RAM map:
[    0.000000] BIOS-e820: [mem 0x0000000000000000-0x000000000009fbff] usable
[    0.000000] BIOS-e820: [mem 0x000000000009fc00-0x000000000009ffff] reserved
[    0.000000] BIOS-e820: [mem 0x00000000000f0000-0x00000000000fffff] reserved
[    0.000000] BIOS-e820: [mem 0x0000000000100000-0x000000000ffeffff] usable
[    0.000000] BIOS-e820: [mem 0x000000000fff0000-0x000000000fffffff] ACPI data
[    0.000000] BIOS-e820: [mem 0x00000000fec00000-0x00000000fec00fff] reserved
[    0.000000] BIOS-e820: [mem 0x00000000fee00000-0x00000000fee00fff] reserved
[    0.000000] BIOS-e820: [mem 0x00000000fffc0000-0x00000000ffffffff] reserved
[    0.000000] NX (Execute Disable) protection: active
[    0.000000] SMBIOS 2.5 present.
[    0.000000] Hypervisor detected: KVM
[    0.000000] e820: last_pfn = 0xfff0 max_arch_pfn = 0x400000000
[    0.000000] MTRR: Disabled
[    0.000000] x86/PAT: MTRRs disabled, skipping PAT initialization too.
[    0.000000] CPU MTRRs all blank - virtualized system.
[    0.000000] x86/PAT: Configuration [0-7]: WB  WT  UC- UC  WB  WT  UC- UC  
[    0.000000] found SMP MP-table at [mem 0x0009fff0-0x0009ffff] mapped at [ffff88000009fff0]
[    0.000000] Scanning 1 areas for low memory corruption
[    0.000000] RAMDISK: [mem 0x0e8c2000-0x0f74bfff]
[    0.000000] ACPI: Early table checksum verification disabled
[    0.000000] ACPI: RSDP 0x00000000000E0000 000024 (v02 VBOX  )
[    0.000000] ACPI: XSDT 0x000000000FFF0030 00003C (v01 VBOX   VBOXXSDT 00000001 ASL  00000061)
[    0.000000] ACPI: FACP 0x000000000FFF00F0 0000F4 (v04 VBOX   VBOXFACP 00000001 ASL  00000061)
[    0.000000] ACPI: DSDT 0x000000000FFF0470 002325 (v02 VBOX   VBOXBIOS 00000002 INTL 20100528)
[    0.000000] ACPI: FACS 0x000000000FFF0200 000040
[    0.000000] ACPI: FACS 0x000000000FFF0200 000040
[    0.000000] ACPI: APIC 0x000000000FFF0240 00005C (v02 VBOX   VBOXAPIC 00000001 ASL  00000061)
[    0.000000] ACPI: SSDT 0x000000000FFF02A0 0001CC (v01 VBOX   VBOXCPUT 00000002 INTL 20100528)
[    0.000000] No NUMA configuration found
[    0.000000] Faking a node at [mem 0x0000000000000000-0x000000000ffeffff]
[    0.000000] NODE_DATA(0) allocated [mem 0x0ffeb000-0x0ffeffff]
[    0.000000] kvm-clock: Using msrs 4b564d01 and 4b564d00
[    0.000000] kvm-clock: cpu 0, msr 0:ffe3001, primary cpu clock
[    0.000000] kvm-clock: using sched offset of 5660405833 cycles
[    0.000000] clocksource: kvm-clock: mask: 0xffffffffffffffff max_cycles: 0x1cd42e4dffb, max_idle_ns: 881590591483 ns
[    0.000000] Zone ranges:
[    0.000000]   DMA      [mem 0x0000000000001000-0x0000000000ffffff]
[    0.000000]   DMA32    [mem 0x0000000001000000-0x000000000ffeffff]
[    0.000000]   Normal   empty
[    0.000000]   Device   empty
[    0.000000] Movable zone start for each node
[    0.000000] Early memory node ranges
[    0.000000]   node   0: [mem 0x0000000000001000-0x000000000009efff]
[    0.000000]   node   0: [mem 0x0000000000100000-0x000000000ffeffff]
[    0.000000] Initmem setup node 0 [mem 0x0000000000001000-0x000000000ffeffff]
[    0.000000] ACPI: PM-Timer IO Port: 0x4008
[    0.000000] IOAPIC[0]: apic_id 2, version 32, address 0xfec00000, GSI 0-23
[    0.000000] ACPI: INT_SRC_OVR (bus 0 bus_irq 0 global_irq 2 dfl dfl)
[    0.000000] ACPI: INT_SRC_OVR (bus 0 bus_irq 9 global_irq 9 low level)
[    0.000000] Using ACPI (MADT) for SMP configuration information
[    0.000000] smpboot: Allowing 2 CPUs, 0 hotplug CPUs
[    0.000000] PM: Registered nosave memory: [mem 0x00000000-0x00000fff]
[    0.000000] PM: Registered nosave memory: [mem 0x0009f000-0x0009ffff]
[    0.000000] PM: Registered nosave memory: [mem 0x000a0000-0x000effff]
[    0.000000] PM: Registered nosave memory: [mem 0x000f0000-0x000fffff]
[    0.000000] e820: [mem 0x10000000-0xfebfffff] available for PCI devices
[    0.000000] Booting paravirtualized kernel on KVM
[    0.000000] clocksource: refined-jiffies: mask: 0xffffffff max_cycles: 0xffffffff, max_idle_ns: 7645519600211568 ns
[    0.000000] setup_percpu: NR_CPUS:512 nr_cpumask_bits:512 nr_cpu_ids:2 nr_node_ids:1
[    0.000000] PERCPU: Embedded 33 pages/cpu @ffff88000fc00000 s95192 r8192 d31784 u1048576
[    0.000000] Built 1 zonelists in Node order, mobility grouping on.  Total pages: 64376
[    0.000000] Policy zone: DMA32
[    0.000000] Kernel command line: BOOT_IMAGE=/boot/vmlinuz-4.4.0-210-generic root=LABEL=cloudimg-rootfs ro console=tty1 console=ttyS0
[    0.000000] PID hash table entries: 1024 (order: 1, 8192 bytes)
[    0.000000] Memory: 223676K/261688K available (8644K kernel code, 1332K rwdata, 4044K rodata, 1492K init, 1164K bss, 38012K reserved, 0K cma-reserved)
[    0.000000] SLUB: HWalign=64, Order=0-3, MinObjects=0, CPUs=2, Nodes=1
[    0.000000] Kernel/User page tables isolation: enabled
[    0.000000] Hierarchical RCU implementation.
[    0.000000] 	Build-time adjustment of leaf fanout to 64.
[    0.000000] 	RCU restricting CPUs from NR_CPUS=512 to nr_cpu_ids=2.
[    0.000000] RCU: Adjusting geometry for rcu_fanout_leaf=64, nr_cpu_ids=2
[    0.000000] NR_IRQS:33024 nr_irqs:440 16
[    0.000000] Console: colour VGA+ 80x25
[    0.000000] console [tty1] enabled
[    0.000000] console [ttyS0] enabled
[    0.000000] tsc: Detected 2304.000 MHz processor
[    0.451518] Calibrating delay loop (skipped) preset value.. 4608.00 BogoMIPS (lpj=9216000)
[    0.455910] pid_max: default: 32768 minimum: 301
[    0.459160] ACPI: Core revision 20150930
[    0.466484] ACPI: 2 ACPI AML tables successfully acquired and loaded
[    0.470431] Security Framework initialized
[    0.473779] Yama: becoming mindful.
[    0.476309] AppArmor: AppArmor initialized
[    0.480159] Dentry cache hash table entries: 32768 (order: 6, 262144 bytes)
[    0.484279] Inode-cache hash table entries: 16384 (order: 5, 131072 bytes)
[    0.488155] Mount-cache hash table entries: 512 (order: 0, 4096 bytes)
[    0.491448] Mountpoint-cache hash table entries: 512 (order: 0, 4096 bytes)
[    0.499780] Initializing cgroup subsys io
[    0.502159] Initializing cgroup subsys memory
[    0.504404] Initializing cgroup subsys devices
[    0.507315] Initializing cgroup subsys freezer
[    0.510588] Initializing cgroup subsys net_cls
[    0.513577] Initializing cgroup subsys perf_event
[    0.516365] Initializing cgroup subsys net_prio
[    0.518496] Initializing cgroup subsys hugetlb
[    0.520670] Initializing cgroup subsys pids
[    0.546894] mce: CPU supports 0 MCE banks
[    0.550658] Last level iTLB entries: 4KB 64, 2MB 8, 4MB 8
[    0.553437] Last level dTLB entries: 4KB 64, 2MB 0, 4MB 0, 1GB 4
[    0.556201] Spectre V1 : Mitigation: usercopy/swapgs barriers and __user pointer sanitization
[    0.564181] Spectre V2 : Mitigation: Full generic retpoline
[    0.568866] Spectre V2 : Spectre v2 / SpectreRSB mitigation: Filling RSB on context switch
[    0.573272] Speculative Store Bypass: Vulnerable
[    0.575686] SRBDS: Unknown: Dependent on hypervisor status
[    0.582172] MDS: Mitigation: Clear CPU buffers
[    0.590833] Freeing SMP alternatives memory: 36K
[    0.608115] ftrace: allocating 32380 entries in 127 pages
[    0.754284] smpboot: APIC(0) Converting physical 0 to logical package 0
[    0.761431] smpboot: Max logical packages: 1
[    0.767281] x2apic enabled
[    0.769949] Switched APIC routing to physical x2apic.
[    0.775406] ..TIMER: vector=0x30 apic1=0 pin1=2 apic2=-1 pin2=-1
[    0.889717] smpboot: CPU0: Intel(R) Core(TM) i3-7020U CPU @ 2.30GHz (family: 0x6, model: 0x8e, stepping: 0x9)
[    0.898007] Performance Events: unsupported p6 CPU model 142 no PMU driver, software events only.
[    0.930980] KVM setup paravirtual spinlock
[    0.935359] x86: Booting SMP configuration:
[    0.938099] .... node  #0, CPUs:      #1
[    0.941109] kvm-clock: cpu 1, msr 0:ffe3041, secondary cpu clock
[    0.967395] mce: CPU supports 0 MCE banks
[    0.974759] x86: Booted up 1 node, 2 CPUs
[    0.979969] smpboot: Total of 2 processors activated (9216.00 BogoMIPS)
[    0.984335] devtmpfs: initialized
[    0.989835] evm: security.selinux
[    0.992424] evm: security.SMACK64
[    0.997783] evm: security.SMACK64EXEC
[    1.000096] evm: security.SMACK64TRANSMUTE
[    1.002331] evm: security.SMACK64MMAP
[    1.004340] evm: security.ima
[    1.006037] evm: security.capability
[    1.008708] clocksource: jiffies: mask: 0xffffffff max_cycles: 0xffffffff, max_idle_ns: 7645041785100000 ns
[    1.016934] futex hash table entries: 512 (order: 3, 32768 bytes)
[    1.020368] pinctrl core: initialized pinctrl subsystem
[    1.023205] RTC time: 12:52:09, date: 02/27/22
[    1.026353] NET: Registered protocol family 16
[    1.044706] cpuidle: using governor ladder
[    1.059088] cpuidle: using governor menu
[    1.062633] PCCT header not found.
[    1.065530] ACPI: bus type PCI registered
[    1.068549] acpiphp: ACPI Hot Plug PCI Controller Driver version: 0.5
[    1.072604] PCI: Using configuration type 1 for base access
[    1.095052] ACPI: Added _OSI(Module Device)
[    1.099451] ACPI: Added _OSI(Processor Device)
[    1.102375] ACPI: Added _OSI(3.0 _SCP Extensions)
[    1.105387] ACPI: Added _OSI(Processor Aggregator Device)
[    1.112711] ACPI: Executed 1 blocks of module-level executable AML code
[    1.129962] ACPI: Interpreter enabled
[    1.133098] ACPI: (supports S0 S5)
[    1.135231] ACPI: Using IOAPIC for interrupt routing
[    1.138655] PCI: Using host bridge windows from ACPI; if necessary, use "pci=nocrs" and report a bug
[    1.162331] ACPI: PCI Root Bridge [PCI0] (domain 0000 [bus 00-ff])
[    1.167018] acpi PNP0A03:00: _OSC: OS supports [ASPM ClockPM Segments MSI]
[    1.171905] acpi PNP0A03:00: _OSC: not requesting OS control; OS requires [ExtendedConfig ASPM ClockPM MSI]
[    1.183323] acpi PNP0A03:00: fail to add MMCONFIG information, can't access extended PCI configuration space under this bridge.
[    1.197622] PCI host bridge to bus 0000:00
[    1.201714] pci_bus 0000:00: root bus resource [io  0x0000-0x0cf7 window]
[    1.206305] pci_bus 0000:00: root bus resource [io  0x0d00-0xffff window]
[    1.211538] pci_bus 0000:00: root bus resource [mem 0x000a0000-0x000bffff window]
[    1.216278] pci_bus 0000:00: root bus resource [mem 0x10000000-0xfdffffff window]
[    1.221046] pci_bus 0000:00: root bus resource [bus 00-ff]
[    1.230432] pci 0000:00:01.1: legacy IDE quirk: reg 0x10: [io  0x01f0-0x01f7]
[    1.238153] pci 0000:00:01.1: legacy IDE quirk: reg 0x14: [io  0x03f6]
[    1.245612] pci 0000:00:01.1: legacy IDE quirk: reg 0x18: [io  0x0170-0x0177]
[    1.287848] pci 0000:00:01.1: legacy IDE quirk: reg 0x1c: [io  0x0376]
[    1.322800] pci 0000:00:07.0: quirk: [io  0x4000-0x403f] claimed by PIIX4 ACPI
[    1.331493] pci 0000:00:07.0: quirk: [io  0x4100-0x410f] claimed by PIIX4 SMB
[    1.353649] ACPI: PCI Interrupt Link [LNKA] (IRQs 5 9 10 *11)
[    1.358265] ACPI: PCI Interrupt Link [LNKB] (IRQs 5 9 *10 11)
[    1.364997] ACPI: PCI Interrupt Link [LNKC] (IRQs 5 *9 10 11)
[    1.370175] ACPI: PCI Interrupt Link [LNKD] (IRQs 5 9 10 *11)
[    1.374666] ACPI: Enabled 2 GPEs in block 00 to 07
[    1.405929] vgaarb: setting as boot device: PCI:0000:00:02.0
[    1.408825] vgaarb: device added: PCI:0000:00:02.0,decodes=io+mem,owns=io+mem,locks=none
[    1.415055] vgaarb: loaded
[    1.416575] vgaarb: bridge control possible 0000:00:02.0
[    1.419905] SCSI subsystem initialized
[    1.422125] ACPI: bus type USB registered
[    1.424284] usbcore: registered new interface driver usbfs
[    1.429479] usbcore: registered new interface driver hub
[    1.432365] usbcore: registered new device driver usb
[    1.435415] PCI: Using ACPI for IRQ routing
[    1.438908] NetLabel: Initializing
[    1.441066] NetLabel:  domain hash size = 128
[    1.445721] NetLabel:  protocols = UNLABELED CIPSOv4
[    1.449089] NetLabel:  unlabeled traffic allowed by default
[    1.453796] amd_nb: Cannot enumerate AMD northbridges
[    1.457271] clocksource: Switched to clocksource kvm-clock
[    1.480355] AppArmor: AppArmor Filesystem Enabled
[    1.483496] pnp: PnP ACPI init
[    1.487491] pnp: PnP ACPI: found 3 devices
[    1.510448] clocksource: acpi_pm: mask: 0xffffff max_cycles: 0xffffff, max_idle_ns: 2085701024 ns
[    1.517448] NET: Registered protocol family 2
[    1.520486] TCP established hash table entries: 2048 (order: 2, 16384 bytes)
[    1.525024] TCP bind hash table entries: 2048 (order: 3, 32768 bytes)
[    1.533603] TCP: Hash tables configured (established 2048 bind 2048)
[    1.537147] UDP hash table entries: 256 (order: 1, 8192 bytes)
[    1.540172] UDP-Lite hash table entries: 256 (order: 1, 8192 bytes)
[    1.544112] NET: Registered protocol family 1
[    1.547269] pci 0000:00:00.0: Limiting direct PCI/PCI transfers
[    1.551250] pci 0000:00:01.0: Activating ISA DMA hang workarounds
[    1.554464] Unpacking initramfs...
[    2.100865] Freeing initrd memory: 14888K
[    2.104334] clocksource: tsc: mask: 0xffffffffffffffff max_cycles: 0x2135f7c97c8, max_idle_ns: 440795273205 ns
[    2.114854] platform rtc_cmos: registered platform RTC device (no PNP device found)
[    2.120559] Scanning for low memory corruption every 60 seconds
[    2.124835] audit: initializing netlink subsys (disabled)
[    2.131277] audit: type=2000 audit(1645966337.049:1): initialized
[    2.135230] Initialise system trusted keyring
[    2.139759] HugeTLB registered 2 MB page size, pre-allocated 0 pages
[    2.148313] zbud: loaded
[    2.150908] VFS: Disk quotas dquot_6.6.0
[    2.153988] VFS: Dquot-cache hash table entries: 512 (order 0, 4096 bytes)
[    2.157578] squashfs: version 4.0 (2009/01/31) Phillip Lougher
[    2.164107] fuse init (API version 7.23)
[    2.166525] Key type big_key registered
[    2.168741] Allocating IMA MOK and blacklist keyrings.
[    2.173038] Key type asymmetric registered
[    2.177747] Asymmetric key parser 'x509' registered
[    2.181777] Block layer SCSI generic (bsg) driver version 0.4 loaded (major 249)
[    2.186585] io scheduler noop registered
[    2.190690] io scheduler deadline registered (default)
[    2.194863] io scheduler cfq registered
[    2.199344] pci_hotplug: PCI Hot Plug PCI Core version: 0.5
[    2.202033] pciehp: PCI Express Hot Plug Controller Driver version: 0.4
[    2.205880] ACPI: AC Adapter [AC] (on-line)
[    2.208526] input: Power Button as /devices/LNXSYSTM:00/LNXPWRBN:00/input/input0
[    2.214768] ACPI: Power Button [PWRF]
[    2.217802] input: Sleep Button as /devices/LNXSYSTM:00/LNXSLPBN:00/input/input1
[    2.222104] ACPI: Sleep Button [SLPF]
[    2.229010] ACPI: Battery Slot [BAT0] (battery present)
[    2.232353] GHES: HEST is not enabled!
[    2.234747] Serial: 8250/16550 driver, 32 ports, IRQ sharing enabled
[    2.259936] 00:02: ttyS0 at I/O 0x3f8 (irq = 4, base_baud = 115200) is a 16550A
[    2.270105] Linux agpgart interface v0.103
[    2.275564] loop: module loaded
[    2.280769] scsi host0: ata_piix
[    2.282803] scsi host1: ata_piix
[    2.284611] ata1: PATA max UDMA/33 cmd 0x1f0 ctl 0x3f6 bmdma 0xd000 irq 14
[    2.287546] ata2: PATA max UDMA/33 cmd 0x170 ctl 0x376 bmdma 0xd008 irq 15
[    2.291425] libphy: Fixed MDIO Bus: probed
[    2.295065] tun: Universal TUN/TAP device driver, 1.6
[    2.298083] tun: (C) 1999-2004 Max Krasnyansky <maxk@qualcomm.com>
[    2.301463] PPP generic driver version 2.4.2
[    2.303651] ehci_hcd: USB 2.0 'Enhanced' Host Controller (EHCI) Driver
[    2.306534] ehci-pci: EHCI PCI platform driver
[    2.308938] ehci-platform: EHCI generic platform driver
[    2.313867] ohci_hcd: USB 1.1 'Open' Host Controller (OHCI) Driver
[    2.317002] ohci-pci: OHCI PCI platform driver
[    2.319316] ohci-platform: OHCI generic platform driver
[    2.322101] uhci_hcd: USB Universal Host Controller Interface driver
[    2.325403] i8042: PNP: PS/2 Controller [PNP0303:PS2K,PNP0f03:PS2M] at 0x60,0x64 irq 1,12
[    2.334096] serio: i8042 KBD port at 0x60,0x64 irq 1
[    2.337026] serio: i8042 AUX port at 0x60,0x64 irq 12
[    2.340905] mousedev: PS/2 mouse device common for all mice
[    2.347671] input: AT Translated Set 2 keyboard as /devices/platform/i8042/serio0/input/input2
[    2.352976] rtc_cmos rtc_cmos: rtc core: registered rtc_cmos as rtc0
[    2.356147] rtc_cmos rtc_cmos: alarms up to one day, 114 bytes nvram
[    2.362476] i2c /dev entries driver
[    2.365087] device-mapper: uevent: version 1.0.3
[    2.367713] device-mapper: ioctl: 4.34.0-ioctl (2015-10-28) initialised: dm-devel@redhat.com
[    2.372111] ledtrig-cpu: registered to indicate activity on CPUs
[    2.379140] NET: Registered protocol family 10
[    2.383762] NET: Registered protocol family 17
[    2.386863] Key type dns_resolver registered
[    2.390078] registered taskstats version 1
[    2.393365] Loading compiled-in X.509 certificates
[    2.398334] Loaded X.509 cert 'Build time autogenerated kernel key: cf00e047681d67edb2720680708b7d9498083038'
[    2.404950] zswap: loaded using pool lzo/zbud
[    2.413735] Key type trusted registered
[    2.423847] Key type encrypted registered
[    2.427236] AppArmor: AppArmor sha1 policy hashing enabled
[    2.430674] ima: No TPM chip found, activating TPM-bypass!
[    2.433383] ima: Allocated hash algorithm: sha1
[    2.435739] evm: HMAC attrs: 0x1
[    2.438273]   Magic number: 10:615:886
[    2.440423] rtc_cmos rtc_cmos: setting system clock to 2022-02-27 12:52:11 UTC (1645966331)
[    2.484039] BIOS EDD facility v0.16 2004-Jun-25, 0 devices found
[    2.488531] EDD information not available.
[    2.497136] Freeing unused kernel memory: 1492K
[    2.505476] Write protecting the kernel read-only data: 14336k
[    2.509898] Freeing unused kernel memory: 1584K
[    2.513975] Freeing unused kernel memory: 52K
Loading, please wait...
starting version 229
[    2.549914] random: systemd-udevd: uninitialized urandom read (16 bytes read, 5 bits of entropy available)
[    2.551886] random: udevadm: uninitialized urandom read (16 bytes read, 5 bits of entropy available)
[    2.551954] random: udevadm: uninitialized urandom read (16 bytes read, 5 bits of entropy available)
[    2.583605] random: systemd-udevd: uninitialized urandom read (16 bytes read, 5 bits of entropy available)
[    2.588223] random: udevadm: uninitialized urandom read (16 bytes read, 5 bits of entropy available)
[    2.588505] random: udevadm: uninitialized urandom read (16 bytes read, 5 bits of entropy available)
[    2.588821] random: udevadm: uninitialized urandom read (16 bytes read, 5 bits of entropy available)
[    2.588939] random: udevadm: uninitialized urandom read (16 bytes read, 5 bits of entropy available)
[    2.589058] random: udevadm: uninitialized urandom read (16 bytes read, 5 bits of entropy available)
[    2.589174] random: udevadm: uninitialized urandom read (16 bytes read, 5 bits of entropy available)
[    2.730858] e1000: Intel(R) PRO/1000 Network Driver - version 7.3.21-k8-NAPI
[    2.736229] e1000: Copyright (c) 1999-2006 Intel Corporation.
[    2.739122] Fusion MPT base driver 3.04.20
[    2.742282] Copyright (c) 1999-2008 LSI Corporation
[    2.780636] Fusion MPT SPI Host driver 3.04.20
[    2.850906] AVX2 version of gcm_enc/dec engaged.
[    2.853663] AES CTR mode by8 optimization enabled
[    2.989803] input: ImExPS/2 Generic Explorer Mouse as /devices/platform/i8042/serio1/input/input4
[    3.848857] e1000 0000:00:03.0 eth0: (PCI:33MHz:32-bit) 02:be:82:6b:cc:1d
[    3.852190] e1000 0000:00:03.0 eth0: Intel(R) PRO/1000 Network Connection
[    4.914263] e1000 0000:00:08.0 eth1: (PCI:33MHz:32-bit) 08:00:27:54:65:d7
[    4.917546] e1000 0000:00:08.0 eth1: Intel(R) PRO/1000 Network Connection
[    4.922604] mptbase: ioc0: Initiating bringup
[    4.923410] e1000 0000:00:08.0 enp0s8: renamed from eth1
[    4.938758] e1000 0000:00:03.0 enp0s3: renamed from eth0
[    4.998878] ioc0: LSI53C1030 A0: Capabilities={Initiator}
[    5.169094] scsi host2: ioc0: LSI53C1030 A0, FwRev=00000000h, Ports=1, MaxQ=256, IRQ=20
[    5.281855] scsi 2:0:0:0: Direct-Access     VBOX     HARDDISK         1.0  PQ: 0 ANSI: 5
[    5.286100] scsi target2:0:0: Beginning Domain Validation
[    5.291029] scsi target2:0:0: Domain Validation skipping write tests
[    5.295644] scsi target2:0:0: Ending Domain Validation
[    5.298972] scsi target2:0:0: asynchronous
[    5.302194] scsi 2:0:1:0: Direct-Access     VBOX     HARDDISK         1.0  PQ: 0 ANSI: 5
[    5.336733] scsi target2:0:1: Beginning Domain Validation
[    5.344489] scsi target2:0:1: Domain Validation skipping write tests
[    5.348325] scsi target2:0:1: Ending Domain Validation
[    5.351121] scsi target2:0:1: asynchronous
[    5.365256] sd 2:0:0:0: Attached scsi generic sg0 type 0
[    5.368231] sd 2:0:0:0: [sda] 83886080 512-byte logical blocks: (42.9 GB/40.0 GiB)
[    5.372982] sd 2:0:1:0: Attached scsi generic sg1 type 0
[    5.377602] sd 2:0:1:0: [sdb] 20480 512-byte logical blocks: (10.5 MB/10.0 MiB)
[    5.378012] sd 2:0:0:0: [sda] Write Protect is off
[    5.378108] sd 2:0:1:0: [sdb] Write Protect is off
[    5.378581] sd 2:0:1:0: [sdb] Incomplete mode parameter data
[    5.378584] sd 2:0:1:0: [sdb] Assuming drive cache: write through
[    5.380386] sd 2:0:0:0: [sda] Incomplete mode parameter data
[    5.380389] sd 2:0:0:0: [sda] Assuming drive cache: write through
[    5.393775]  sda: sda1
[    5.397193] sd 2:0:0:0: [sda] Attached SCSI disk
[    5.397361] sd 2:0:1:0: [sdb] Attached SCSI disk
Begin: Loading essential drivers ... [    7.500937] md: linear personality registered for level -1
[    7.507957] md: multipath personality registered for level -4
[    7.516970] md: raid0 personality registered for level 0
[    7.528190] md: raid1 personality registered for level 1
[    7.605328] raid6: sse2x1   gen()  4217 MB/s
[    7.673378] raid6: sse2x1   xor()  3815 MB/s
[    7.741364] raid6: sse2x2   gen()  6180 MB/s
[    7.812256] raid6: sse2x2   xor()  5212 MB/s
[    7.881336] raid6: sse2x4   gen()  5373 MB/s
[    7.949479] raid6: sse2x4   xor()  3771 MB/s
[    8.017360] raid6: avx2x1   gen()  8042 MB/s
[    8.085333] raid6: avx2x2   gen() 10139 MB/s
[    8.153307] raid6: avx2x4   gen() 13756 MB/s
[    8.155133] raid6: using algorithm avx2x4 gen() 13756 MB/s
[    8.157148] raid6: using avx2x2 recovery algorithm
[    8.163769] xor: automatically using best checksumming function:
[    8.205292]    avx       : 14146.000 MB/sec
[    8.209616] async_tx: api initialized (async)
[    8.230217] md: raid6 personality registered for level 6
[    8.232435] md: raid5 personality registered for level 5
[    8.234847] md: raid4 personality registered for level 4
[    8.248272] md: raid10 personality registered for level 10
done.
Begin: Running /scripts/init-premount ... done.
Begin: Mounting root file system ... Begin: Running /scripts/local-top ... done.
Begin: Running /scripts/local-premount ... [    8.311526] Btrfs loaded
Scanning for Btrfs filesystems
done.
Warning: fsck not present, so skipping root file system
[    8.410310] EXT4-fs (sda1): mounted filesystem with ordered data mode. Opts: (null)
done.
Begin: Running /scripts/local-bottom ... done.
Begin: Running /scripts/init-bottom ... done.
[    8.860083] systemd[1]: systemd 229 running in system mode. (+PAM +AUDIT +SELINUX +IMA +APPARMOR +SMACK +SYSVINIT +UTMP +LIBCRYPTSETUP +GCRYPT +GNUTLS +ACL +XZ -LZ4 +SECCOMP +BLKID +ELFUTILS +KMOD -IDN)
[    8.870923] systemd[1]: Detected virtualization oracle.
[    8.873959] systemd[1]: Detected architecture x86-64.

Welcome to [1mUbuntu 16.04.7 LTS[0m!

[    8.907209] systemd[1]: Set hostname to <ubuntu>.
[    8.922328] systemd[1]: Initializing machine ID from random generator.
[    8.928334] systemd[1]: Installed transient /etc/machine-id file.
[    9.309516] systemd[1]: Started Forward Password Requests to Wall Directory Watch.
[[0;32m  OK  [0m] Started Forward Password Requests to Wall Directory Watch.
[    9.317560] systemd[1]: Listening on LVM2 poll daemon socket.
[[0;32m  OK  [0m] Listening on LVM2 poll daemon socket.
[    9.323027] systemd[1]: Started Trigger resolvconf update for networkd DNS.
[[0;32m  OK  [0m] Started Trigger resolvconf update for networkd DNS.
[    9.331987] systemd[1]: Listening on Journal Audit Socket.
[[0;32m  OK  [0m] Listening on Journal Audit Socket.
[    9.339225] systemd[1]: Listening on Syslog Socket.
[[0;32m  OK  [0m] Listening on Syslog Socket.
[    9.345492] systemd[1]: Reached target User and Group Name Lookups.
[[0;32m  OK  [0m] Reached target User and Group Name Lookups.
[    9.359003] systemd[1]: Listening on Journal Socket (/dev/log).
[[0;32m  OK  [0m] Listening on Journal Socket (/dev/log).
[    9.366083] systemd[1]: Listening on Journal Socket.
[[0;32m  OK  [0m] Listening on Journal Socket.
[    9.372113] systemd[1]: Listening on fsck to fsckd communication Socket.
[[0;32m  OK  [0m] Listening on fsck to fsckd communication Socket.
[    9.382091] systemd[1]: Listening on LVM2 metadata daemon socket.
[[0;32m  OK  [0m] Listening on LVM2 metadata daemon socket.
[    9.389840] systemd[1]: Created slice User and Session Slice.
[[0;32m  OK  [0m] Created slice User and Session Slice.
[    9.399642] systemd[1]: Listening on udev Kernel Socket.
[[0;32m  OK  [0m] Listening on udev Kernel Socket.
[    9.405005] systemd[1]: Listening on udev Control Socket.
[[0;32m  OK  [0m] Listening on udev Control Socket.
[    9.414598] systemd[1]: Listening on Device-mapper event daemon FIFOs.
[[0;32m  OK  [0m] Listening on Device-mapper event daemon FIFOs.
[    9.422080] systemd[1]: Listening on /dev/initctl Compatibility Named Pipe.
[[0;32m  OK  [0m] Listening on /dev/initctl Compatibility Named Pipe.
[    9.431607] systemd[1]: Reached target System Time Synchronized.
[[0;32m  OK  [0m] Reached target System Time Synchronized.
[    9.438038] systemd[1]: Reached target Encrypted Volumes.
[[0;32m  OK  [0m] Reached target Encrypted Volumes.
[    9.445295] random: nonblocking pool is initialized
[    9.449997] systemd[1]: Set up automount Arbitrary Executable File Formats File System Automount Point.
[[0;32m  OK  [0m] Set up automount Arbitrary Executab...ats File System Automount Point.
[    9.465616] systemd[1]: Reached target Swap.
[[0;32m  OK  [0m] Reached target Swap.
[    9.471639] systemd[1]: Created slice System Slice.
[[0;32m  OK  [0m] Created slice System Slice.
[    9.498262] systemd[1]: Starting Nameserver information manager...
         Starting Nameserver information manager...
[    9.506154] systemd[1]: Starting Journal Service...
         Starting Journal Service...
[    9.514789] systemd[1]: Starting File System Check on Root Device...
         Starting File System Check on Root Device...
[    9.522183] systemd[1]: Mounting POSIX Message Queue File System...
         Mounting POSIX Message Queue File System...
[    9.535392] systemd[1]: Starting Load Kernel Modules...
         Starting Load Kernel Modules...
[    9.543921] systemd[1]: Created slice system-serial\x2dgetty.slice.
[[0;32m  OK  [0m] Created slice system-serial\x2dgetty.slice.
[    9.554309] systemd[1]: Starting Set console keymap...
         Starting Set console keymap...
[    9.567790] systemd[1]: Starting Create list of required static device nodes for the current kernel...
         Starting Create list of[    9.581232] Loading iSCSI transport class v2.0-870.
 required st... nodes for the current kernel...
[    9.587705] systemd[1]: Starting Uncomplicated firewall...
         Starting Uncomplicated firewall...
[    9.600905] systemd[1]: Mounting Debug File System...
         Mounting Debug File System...
[    9.635022] systemd[1]: Starting Monitoring of LVM2 mirrors, snapshots etc. using dmeventd or progress polling...
         Starting Monitoring of LVM2 mirrors... dmeventd or progress polling...
[    9.666047] systemd[1]: Reached target Slices.
[[0;32m  OK  [0m] Reached target Slices.
[    9.700011] iscsi: registered transport (tcp)
[    9.717512] systemd[1]: Mounting Huge Pages File System...
         Mounting Huge Pages File System...
[    9.733074] systemd[1]: Mounted POSIX Message Queue File System.
[[0;32m  OK  [0m] Mounted POSIX Message Queue File System.
[    9.748670] systemd[1]: Mounted Debug File System.
[[0;32m  OK  [0m] Mounted Debug File System.
[    9.757837] systemd[1]: Mounted Huge Pages File System.
[[0;32m  OK  [0m] Mounted Huge Pages File System.
[    9.774029] systemd[1]: Started Journal Service.
[[0;32m  OK  [0m] Started Journal Service.
[[0;32m  OK  [0m] Started File System Check on Root Device.
[[0;32m  OK  [0m] Started Create list of required sta...ce nodes for the current kernel.
[    9.841937] iscsi: registered transport (iser)
[[0;32m  OK  [0m] Started Uncomplicated firewall.
[[0;32m  OK  [0m] Started Load Kernel Modules.
[[0;32m  OK  [0m] Started Set console keymap.
[[0;32m  OK  [0m] Started Nameserver information manager.
[[0;32m  OK  [0m] Started LVM2 metadata daemon.
[[0;32m  OK  [0m] Started File System Check Daemon to report status.
         Starting Apply Kernel Variables...
         Mounting FUSE Control File System...
         Starting Create Static Device Nodes in /dev...
         Starting Remount Root and Kernel File Systems...
[[0;32m  OK  [0m] Mounted FUSE Control File System.
[[0;32m  OK  [0m] Started Apply Kernel Variables.
[[0;32m  OK  [0m] Started Remount Root and Kernel File Systems.
         Starting Load/Save Random Seed...
         Starting Flush Journal to Persistent Storage...
         Starting udev Coldplug all Devices...
[[0;32m  OK  [0m] Started Load/Save Random Seed.
[[0;32m  OK  [0m] Started Flush Journal to Persistent Storage.
[[0;32m  OK  [0m] Started Monitoring of LVM2 mirrors,...ng dmeventd or progress polling.
[[0;32m  OK  [0m] Started Create Static Device Nodes in /dev.
[[0;32m  OK  [0m] Reached target Local File Systems (Pre).
[[0;32m  OK  [0m] Reached target Local File Systems.
         Starting Create Volatile Files and Directories...
         Starting Initial cloud-init job (pre-networking)...
         Starting Commit a transient machine-id on disk...
         Starting Tell Plymouth To Write Out Runtime Data...
         Starting Set console font and keymap...
         Starting LSB: AppArmor initialization...
         Starting udev Kernel Device Manager...
[[0;32m  OK  [0m] Started Create Volatile Files and Directories.
[[0;32m  OK  [0m] Started Tell Plymouth To Write Out Runtime Data.
         Starting Update UTMP about System Boot/Shutdown...
[[0;32m  OK  [0m] Started Commit a transient machine-id on disk.
[[0;32m  OK  [0m] Started Update UTMP about System Boot/Shutdown.
[[0;32m  OK  [0m] Started udev Coldplug all Devices.
[[0;32m  OK  [0m] Started udev Kernel Device Manager.
[[0;32m  OK  [0m] Started Dispatch Password Requests to Console Directory Watch.
[[0;32m  OK  [0m] Found device /dev/ttyS0.
[[0;32m  OK  [0m] Listening on Load/Save RF Kill Switch Status /dev/rfkill Watch.
[[0;32m  OK  [0m] Started Set console font and keymap.
[[0;32m  OK  [0m] Created slice system-getty.slice.
[   14.500937] cloud-init[475]: Cloud-init v. 21.1-19-gbad84ad4-0ubuntu1~16.04.2 running 'init-local' at Sun, 27 Feb 2022 12:52:22 +0000. Up 13.10 seconds.
[[0;32m  OK  [0m] Started Initial cloud-init job (pre-networking).
[[0;32m  OK  [0m] Reached target Network (Pre).
[[0;32m  OK  [0m] Started LSB: AppArmor initialization.
         Starting Load AppArmor profiles managed internally by snapd...
         Starting Raise network interfaces...
[[0;32m  OK  [0m] Started Load AppArmor profiles managed internally by snapd.
[[0;32m  OK  [0m] Started Raise network interfaces.
         Starting Initial cloud-init job (metadata service crawler)...
[[0;32m  OK  [0m] Reached target Network.
[   18.604718] cloud-init[953]: Cloud-init v. 21.1-19-gbad84ad4-0ubuntu1~16.04.2 running 'init' at Sun, 27 Feb 2022 12:52:26 +0000. Up 16.74 seconds.
[   18.614397] cloud-init[953]: ci-info: ++++++++++++++++++++++++++++++++++++++Net device info+++++++++++++++++++++++++++++++++++++++
[   18.619725] cloud-init[953]: ci-info: +--------+-------+----------------------------+---------------+--------+-------------------+
[   18.624394] cloud-init[953]: ci-info: | Device |   Up  |          Address           |      Mask     | Scope  |     Hw-Address    |
[   18.631927] cloud-init[953]: ci-info: +--------+-------+----------------------------+---------------+--------+-------------------+
[   18.637011] cloud-init[953]: ci-info: | enp0s3 |  True |         10.0.2.15          | 255.255.255.0 | global | 02:be:82:6b:cc:1d |
[   18.641973] cloud-init[953]: ci-info: | enp0s3 |  True | fe80::be:82ff:fe6b:cc1d/64 |       .       |  link  | 02:be:82:6b:cc:1d |
[   18.650206] cloud-init[953]: ci-info: | enp0s8 | False |             .              |       .       |   .    | 08:00:27:54:65:d7 |
[   18.656210] cloud-init[953]: ci-info: |   lo   |  True |         127.0.0.1          |   255.0.0.0   |  host  |         .         |
[   18.662424] cloud-init[953]: ci-info: |   lo   |  True |          ::1/128           |       .       |  host  |         .         |
[   18.667955] cloud-init[953]: ci-info: +--------+-------+----------------------------+---------------+--------+-------------------+
[   18.672331] cloud-init[953]: ci-info: +++++++++++++++++++++++++++Route IPv4 info++++++++++++++++++++++++++++
[   18.676031] cloud-init[953]: ci-info: +-------+-------------+----------+---------------+-----------+-------+
[   18.681852] cloud-init[953]: ci-info: | Route | Destination | Gateway  |    Genmask    | Interface | Flags |
[   18.685642] cloud-init[953]: ci-info: +-------+-------------+----------+---------------+-----------+-------+
[   18.689896] cloud-init[953]: ci-info: |   0   |   0.0.0.0   | 10.0.2.2 |    0.0.0.0    |   enp0s3  |   UG  |
[   18.697167] cloud-init[953]: ci-info: |   1   |   10.0.2.0  | 0.0.0.0  | 255.255.255.0 |   enp0s3  |   U   |
[   18.701341] cloud-init[953]: ci-info: +-------+-------------+----------+---------------+-----------+-------+
[   18.704616] cloud-init[953]: ci-info: +++++++++++++++++++Route IPv6 info+++++++++++++++++++
[   18.708355] cloud-init[953]: ci-info: +-------+-------------+---------+-----------+-------+
[   18.715406] cloud-init[953]: ci-info: | Route | Destination | Gateway | Interface | Flags |
[   18.718949] cloud-init[953]: ci-info: +-------+-------------+---------+-----------+-------+
[   18.722714] cloud-init[953]: ci-info: |   0   |  fe80::/64  |    ::   |   enp0s3  |   U   |
[   18.729495] cloud-init[953]: ci-info: |   3   |   ff00::/8  |    ::   |   enp0s3  |   U   |
[   18.734761] cloud-init[953]: ci-info: +-------+-------------+---------+-----------+-------+
[   18.739414] cloud-init[953]: Generating public/private rsa key pair.
[   18.746512] cloud-init[953]: Your identification has been saved in /etc/ssh/ssh_host_rsa_key.
[   18.752515] cloud-init[953]: Your public key has been saved in /etc/ssh/ssh_host_rsa_key.pub.
[   18.757740] cloud-init[953]: The key fingerprint is:
[   18.765278] cloud-init[953]: SHA256:jvkx5NkyNBrQ3hsA7XFsKQu5YAvAYF6za/P+XOAfe2E root@ubuntu-xenial
[   18.769134] cloud-init[953]: The key's randomart image is:
[   18.771709] cloud-init[953]: +---[RSA 2048]----+
[   18.774126] cloud-init[953]: |*. o.o . .       |
[   18.776515] cloud-init[953]: |+.+ =o+ =        |
[   18.780641] cloud-init[953]: | + +.+o*         |
[   18.788950] cloud-init[953]: |  . oooo         |
[   18.791337] cloud-init[953]: |   +  o.S        |
[   18.793724] cloud-init[953]: |  . o .X.* E     |
[   18.799488] cloud-init[953]: |     .+.Xoo .    |
[   18.801877] cloud-init[953]: |    . ..o=o.     |
[   18.804431] cloud-init[953]: |     ..o.o.      |
[   18.806709] cloud-init[953]: +----[SHA256]-----+
[   18.809366] cloud-init[953]: Generating public/private dsa key pair.
[   18.814347] cloud-init[953]: Your identification has been saved in /etc/ssh/ssh_host_dsa_key.
[   18.819119] cloud-init[953]: Your public key has been saved in /etc/ssh/ssh_host_dsa_key.pub.
[   18.828485] cloud-init[953]: The key fingerprint is:
[   18.836956] cloud-init[953]: SHA256:DRGK9TVEQF8XgEIvmVY5CCIK/kh+bEG0KE9KOvDJH2U root@ubuntu-xenial
[   18.840777] cloud-init[953]: The key's randomart image is:
[   18.849278] cloud-init[953]: +---[DSA 1024]----+
[   18.857019] cloud-init[953]: |. oo. o+***oo.o. |
[   18.859350] cloud-init[953]: |o.o..+ ooO+o .   |
[   18.865667] cloud-init[953]: |+=.o. E B.o.     |
[   18.868260] cloud-init[953]: |B*+..o . +       |
[   18.870522] cloud-init[953]: |+o==.   S .      |
[   18.873160] cloud-init[953]: | .o. .           |
[   18.875911] cloud-init[953]: |    .            |
[   18.881143] cloud-init[953]: |                 |
[   18.884977] cloud-init[953]: |                 |
[   18.887252] cloud-init[953]: +----[SHA256]-----+
[   18.890569] cloud-init[953]: Generating public/private ecdsa key pair.
[   18.893716] cloud-init[953]: Your identification has been saved in /etc/ssh/ssh_host_ecdsa_key.
[   18.900421] cloud-init[953]: Your public key has been saved in /etc/ssh/ssh_host_ecdsa_key.pub.
[   18.904564] cloud-init[953]: The key fingerprint is:
[   18.907167] cloud-init[953]: SHA256:jc24QoRQYygAJvPfnbJeIVDSeK59nI6gPMhv06zY/gU root@ubuntu-xenial
[   18.912863] cloud-init[953]: The key's randomart image is:
[   18.916287] cloud-init[953]: +---[ECDSA 256]---+
[   18.918449] cloud-init[953]: |B..o=o.          |
[   18.920866] cloud-init[953]: |+o.o.=o          |
[   18.932755] cloud-init[953]: | .. oo.          |
[   18.933252] cloud-init[953]: |   . +.. B       |
[   18.934090] cloud-init[953]: |    .E=.S.+      |
[   18.934679] cloud-init[953]: |    o.o++o       |
[   18.935347] cloud-init[953]: |.o .o.o=o        |
[   18.936264] cloud-init[953]: |..*o +oo.        |
[   18.937132] cloud-init[953]: | .+*+..          |
[   18.937950] cloud-init[953]: +----[SHA256]-----+
[   18.938851] cloud-init[953]: Generating public/private ed25519 key pair.
[   18.940213] cloud-init[953]: Your identification has been saved in /etc/ssh/ssh_host_ed25519_key.
[   18.941934] cloud-init[953]: Your public key has been saved in /etc/ssh/ssh_host_ed25519_key.pub.
[   18.943160] cloud-init[953]: The key fingerprint is:
[[0;32m  OK  [0m] Started Initial cloud-init job (metadata service crawler).
[   18.946230] cloud-init[953]: SHA256:/W3rIO0CcU0/1I6HddS57CdcvETqST3UvGBCSwe9m8M root@ubuntu-xenial
[   18.948187] cloud-init[953]: The key's randomart image is:
[   18.949031] cloud-init[953]: +--[ED25519 256]--+
[   18.949659] cloud-init[953]: |          .+o. +=|
[   18.950581] cloud-init[953]: |          ..++.+B|
[   18.951525] cloud-init[953]: |           +ooO*+|
[   18.953487] cloud-init[953]: |        ... .+=B=|
[   18.954867] cloud-init[953]: |        So. +.*+o|
[   18.955255] cloud-init[953]: |        .  o Eoo.|
[   18.956139] cloud-init[953]: |         .. + +..|
[   18.970129] cloud-init[953]: |          .o o . |
[   18.970575] cloud-init[953]: |           ...o  |
[   18.971130] cloud-init[953]: +----[SHA256]-----+
[[0;32m  OK  [0m] Reached target Network is Online.
         Starting iSCSI initiator daemon (iscsid)...
[[0;32m  OK  [0m] Reached target System Initialization.
[[0;32m  OK  [0m] Started Daily Cleanup of Temporary Directories.
[[0;32m  OK  [0m] Started Daily apt download activities.
[[0;32m  OK  [0m] Started Message of the Day.
[[0;32m  OK  [0m] Started ACPI Events Check.
[[0;32m  OK  [0m] Reached target Paths.
         Starting Socket activation for snappy daemon.
         Starting LXD - unix socket.
[[0;32m  OK  [0m] Started Ubuntu Advantage update messaging.
[[0;32m  OK  [0m] Listening on UUID daemon activation socket.
[[0;32m  OK  [0m] Listening on ACPID Listen Socket.
[[0;32m  OK  [0m] Listening on D-Bus System Message Bus Socket.
[[0;32m  OK  [0m] Started Daily apt upgrade and clean activities.
[[0;32m  OK  [0m] Reached target Timers.
[[0;32m  OK  [0m] Reached target Cloud-config availability.
[[0;32m  OK  [0m] Listening on Socket activation for snappy daemon.
[[0;32m  OK  [0m] Listening on LXD - unix socket.
[[0;32m  OK  [0m] Reached target Sockets.
[[0;32m  OK  [0m] Reached target Basic System.
         Starting LXD - container startup/shutdown...
         Starting Accounts Service...
[[0;32m  OK  [0m] Started Deferred execution scheduler.
         Starting Login Service...
         Starting System Logging Service...
[[0;32m  OK  [0m] Started ACPI event daemon.
[[0;32m  OK  [0m] Started FUSE filesystem for LXC.
         Starting Pollinate to seed the pseudo random number generator...
         Starting /etc/rc.local Compatibility...
[[0;32m  OK  [0m] Started Regular background program processing daemon.
         Starting LSB: Record successful boot for GRUB...
         Starting LSB: MD monitoring daemon...
         Starting Virtualbox guest utils...
[[0;32m  OK  [0m] Started D-Bus System Message Bus.
         Starting Snap Daemon...
[[0;32m  OK  [0m] Started System Logging Service.
[[0;32m  OK  [0m] Started iSCSI initiator daemon (iscsid).
[[0;32m  OK  [0m] Started /etc/rc.local Compatibility.
[[0;32m  OK  [0m] Started Login Service.
[[0;32m  OK  [0m] Started Unattended Upgrades Shutdown.
         Starting Authenticate and Authorize Users to Run Privileged Tasks...
         Starting Login to default iSCSI targets...
[[0;32m  OK  [0m] Started LSB: MD monitoring daemon.
[[0;32m  OK  [0m] Started LSB: Record successful boot for GRUB.
[[0;32m  OK  [0m] Started Login to default iSCSI targets.
[[0;32m  OK  [0m] Reached target Remote File Systems (Pre).
[[0;32m  OK  [0m] Reached target Remote File Systems.
         Starting LSB: automatic crash report generation...
         Starting LSB: Set the CPU Frequency Scaling governor to "ondemand"...
         Starting Permit User Sessions...
         Starting LSB: daemon to balance interrupts for SMP systems...
[[0;32m  OK  [0m] Started Authenticate and Authorize Users to Run Privileged Tasks.
[[0;32m  OK  [0m] Started Accounts Service.
[[0;32m  OK  [0m] Started LXD - container startup/shutdown.
[[0;32m  OK  [0m] Started Permit User Sessions.
         Starting Hold until boot process finishes up...
         Starting Terminate Plymouth Boot Screen...
[[0;32m  OK  [0m] Started Hold until boot process finishes up.
[[0;32m  OK  [0m] Started Terminate Plymouth Boot Screen.
[[0;32m  OK  [0m] Started Getty on tty1.
[[0;32m  OK  [0m] Started Serial Getty on ttyS0.
[[0;32m  OK  [0m] Reached target Login Prompts.
         Starting Set console scheme...
[[0;32m  OK  [0m] Started Set console scheme.
[[0;32m  OK  [0m] Started LSB: Set the CPU Frequency Scaling governor to "ondemand".
[[0;32m  OK  [0m] Started LSB: daemon to balance interrupts for SMP systems.
[[0;32m  OK  [0m] Started LSB: automatic crash report generation.
[[0;32m  OK  [0m] Started Virtualbox guest utils.
[[0;32m  OK  [0m] Started Snap Daemon.
         Starting Wait until snapd is fully seeded...
[[0;32m  OK  [0m] Started Pollinate to seed the pseudo random number generator.
         Starting OpenBSD Secure Shell server...
[[0;32m  OK  [0m] Started OpenBSD Secure Shell server.
[[0;32m  OK  [0m] Created slice User Slice of vagrant.
         Starting User Manager for UID 1000...
[[0;32m  OK  [0m] Started Session 1 of user vagrant.
[[0;32m  OK  [0m] Started User Manager for UID 1000.

Ubuntu 16.04.7 LTS ubuntu-xenial ttyS0

ubuntu-xenial login: [   31.626973] cloud-init[1544]: Generating locales (this might take a while)...
[   33.668191] cloud-init[1544]:   en_US.UTF-8... done
[   33.672856] cloud-init[1544]: Generation complete.
[   34.924180] cloud-init[1544]: Cloud-init v. 21.1-19-gbad84ad4-0ubuntu1~16.04.2 running 'modules:config' at Sun, 27 Feb 2022 12:52:40 +0000. Up 31.17 seconds.
ci-info: no authorized SSH keys fingerprints found for user ubuntu.
<14>Feb 27 12:52:46 ec2: 
<14>Feb 27 12:52:46 ec2: #############################################################
<14>Feb 27 12:52:46 ec2: -----BEGIN SSH HOST KEY FINGERPRINTS-----
<14>Feb 27 12:52:46 ec2: 1024 SHA256:DRGK9TVEQF8XgEIvmVY5CCIK/kh+bEG0KE9KOvDJH2U root@ubuntu-xenial (DSA)
<14>Feb 27 12:52:46 ec2: 256 SHA256:jc24QoRQYygAJvPfnbJeIVDSeK59nI6gPMhv06zY/gU root@ubuntu-xenial (ECDSA)
<14>Feb 27 12:52:46 ec2: 256 SHA256:/W3rIO0CcU0/1I6HddS57CdcvETqST3UvGBCSwe9m8M root@ubuntu-xenial (ED25519)
<14>Feb 27 12:52:46 ec2: 2048 SHA256:jvkx5NkyNBrQ3hsA7XFsKQu5YAvAYF6za/P+XOAfe2E root@ubuntu-xenial (RSA)
<14>Feb 27 12:52:46 ec2: -----END SSH HOST KEY FINGERPRINTS-----
<14>Feb 27 12:52:46 ec2: #############################################################
-----BEGIN SSH HOST KEY KEYS-----
ecdsa-sha2-nistp256 AAAAE2VjZHNhLXNoYTItbmlzdHAyNTYAAAAIbmlzdHAyNTYAAABBBCt3SqoiU2JjB8ubIGXHUj3G7Dk/INhANhYps0axvXyYBKOuPaU6gcvX+oOyZ2iQHqzAOKB5hT2OL3n5zZDNwWc= root@ubuntu-xenial
ssh-ed25519 AAAAC3NzaC1lZDI1NTE5AAAAIKydTR2E15nlgq2klwYSjS2rzWgFn0SKx1HEzTjNXML6 root@ubuntu-xenial
ssh-rsa AAAAB3NzaC1yc2EAAAADAQABAAABAQCsetIV45gxXI7A/3iQyIoPa+uE5/WRPddsaDIrKFY4oKu5gsa77VHbq4kafEUAsRR15oSD/wp0ROAtQm7Z5gfFH4h5NTwe1QMS9P0FoohFQQt0MSbIdijL/MTCL7YyQhPCv/xT9Owqeyk3eMHvRSWhb5l6QJj/6OLOFNl6QkxKjyO3YVzXY9vPxHmgFoMLL73r93yoiNTsYhv3TQHy5r5GgYk6fGh3wu80tt+kAlEb5iu3WuN2tFIIns6zzd842ILvs7KxMP2UvYU7+f83EiMhtjy12ElmwJsIQ3mj1oolxc+FsgcVKb/0PteD11l8uYVwbC8lnqRbnhTnFZfeq3W7 root@ubuntu-xenial
-----END SSH HOST KEY KEYS-----
[   37.045188] cloud-init[1969]: Cloud-init v. 21.1-19-gbad84ad4-0ubuntu1~16.04.2 running 'modules:final' at Sun, 27 Feb 2022 12:52:46 +0000. Up 36.34 seconds.
[   37.045943] cloud-init[1969]: ci-info: no authorized SSH keys fingerprints found for user ubuntu.
[   37.047377] cloud-init[1969]: Cloud-init v. 21.1-19-gbad84ad4-0ubuntu1~16.04.2 finished at Sun, 27 Feb 2022 12:52:46 +0000. Datasource DataSourceNoCloud [seed=/dev/sdb][dsmode=net].  Up 37.02 seconds
